<?xml version="1.0" encoding="UTF-8"?>
<!-- Generated by org.testng.reporters.JUnitReportReporter -->
<testsuite hostname="QPaaSICNV1661" failures="0" tests="1" name="automation.LoginPage" time="19.756" errors="0" timestamp="2023-02-05T21:27:05 PST" skipped="0">
  <testcase classname="automation.LoginPage" name="login" time="19.756"/>
  <system-out/>
</testsuite> <!-- automation.LoginPage -->
